2025-05-16 15:37:50,262 - INFO - MainThread - === Boss Zhipin区域数据抓取脚本启动 ===
2025-05-16 15:37:50,263 - WARNING - MainThread - 重要提示: 请确保配置文件中的 COOKIES 和 BASE_HEADERS 是最新的，否则请求很可能会失败。
2025-05-16 15:37:50,263 - WARNING - MainThread - 临时数据文件将尝试从 './zhipin_crawler_output/temp_crawled_data.json' 加载/保存。
2025-05-16 15:37:50,263 - WARNING - MainThread - 如果临时数据文件超过 6 小时，将强制重新爬取。
2025-05-16 15:37:50,263 - INFO - MainThread - 发现有效的临时数据文件 (修改于 2025-05-16 10:36:57.163586), 尝试加载...
2025-05-16 15:37:50,283 - INFO - MainThread - 从临时文件 ./zhipin_crawler_output/temp_crawled_data.json 加载原始数据成功。
2025-05-16 15:37:50,283 - INFO - MainThread - 成功从临时文件加载原始数据，将跳过爬虫。
2025-05-16 15:37:50,283 - INFO - MainThread - --- 步骤 2.5: 将原始数据转换为RegionVo结构列表 ---
2025-05-16 15:37:50,295 - INFO - MainThread - 数据已转换为 373 个顶层RegionVo结构。
2025-05-16 15:37:50,295 - INFO - MainThread - --- 步骤 3: 保存RegionVo结构数据到永久文件和数据库的json_storage表 ---
2025-05-16 15:37:50,425 - INFO - MainThread - 转换后的RegionVo结构数据已保存到永久文件: ./zhipin_crawler_output/business_districts_all_regionvo_structure.json
2025-05-16 15:37:50,546 - INFO - MainThread - 数据库中未找到 键 'all_cities_regionvo' (RegionVo结构) 的记录，将插入。 New Hash: 6c80b2e350defdc661b003360ee899d70e4d2e3d3730805204b0664dbd029aa7
2025-05-16 15:37:50,549 - INFO - MainThread - 用于生成新哈希的RegionVo结构JSON已保存到 ./zhipin_crawler_output/debug_json_for_hash_all_cities_regionvo.json
2025-05-16 15:37:50,714 - INFO - MainThread - 键 'all_cities_regionvo' (RegionVo结构) 的JSON数据已成功保存/更新到数据库。
2025-05-16 15:37:50,715 - INFO - MainThread - 数据统计：成功获取商圈数据城市数: 358。无数据城市数: 15。
2025-05-16 15:37:50,715 - INFO - MainThread - 检测到原始数据(RegionVo结构)在数据库中已更新或为首次存储，将处理 region 表。
2025-05-16 15:37:50,715 - INFO - MainThread - --- 步骤 4: 处理数据并插入到 region 表 ---
2025-05-16 15:37:50,715 - ERROR - MainThread - 数据保存或插入DB步骤失败: 'BossZhipinCrawler' object has no attribute 'process_and_insert_data_into_region'
Traceback (most recent call last):
  File "D:\CrawlersRegion\CrawlersRegion.py", line 559, in main
    crawler.process_and_insert_data_into_region(all_cities_region_vo_list)
AttributeError: 'BossZhipinCrawler' object has no attribute 'process_and_insert_data_into_region'
2025-05-16 15:37:50,716 - ERROR - MainThread - 请检查日志后重试。上次爬取数据已存临时文件，若有效可用于下次运行。
2025-05-16 15:44:29,186 - INFO - MainThread - === Boss Zhipin区域数据抓取脚本启动 ===
2025-05-16 15:44:29,186 - WARNING - MainThread - 重要提示: 请确保配置文件中的 COOKIES 和 BASE_HEADERS 是最新的，否则请求很可能会失败。
2025-05-16 15:44:29,186 - WARNING - MainThread - 临时数据文件将尝试从 './zhipin_crawler_output/temp_crawled_data.json' 加载/保存。
2025-05-16 15:44:29,186 - WARNING - MainThread - 如果临时数据文件超过 6 小时，将强制重新爬取。
2025-05-16 15:44:29,187 - INFO - MainThread - 发现有效的临时数据文件 (修改于 2025-05-16 10:36:57.163586), 尝试加载...
2025-05-16 15:44:29,215 - INFO - MainThread - 从临时文件 ./zhipin_crawler_output/temp_crawled_data.json 加载原始数据成功。
2025-05-16 15:44:29,215 - INFO - MainThread - 成功从临时文件加载原始数据，将跳过爬虫。
2025-05-16 15:44:29,215 - INFO - MainThread - --- 步骤 2.5: 将原始数据转换为RegionVo结构列表 ---
2025-05-16 15:44:29,231 - INFO - MainThread - 数据已转换为 373 个顶层RegionVo结构。
2025-05-16 15:44:29,232 - INFO - MainThread - --- 步骤 3: 保存RegionVo结构数据到永久文件和数据库的json_storage表 ---
2025-05-16 15:44:29,389 - INFO - MainThread - 转换后的RegionVo结构数据已保存到永久文件: ./zhipin_crawler_output/business_districts_all_regionvo_structure.json
2025-05-16 15:44:29,440 - INFO - MainThread - 数据库中键 'all_cities_regionvo' (RegionVo结构)的数据未变，无需更新。
2025-05-16 15:44:29,441 - INFO - MainThread - 数据统计：成功获取商圈数据城市数: 358。无数据城市数: 15。
2025-05-16 15:44:29,441 - INFO - MainThread - 原始数据(RegionVo结构)未发生变化 (从临时文件加载且与DB中json_storage内容一致)，跳过 region 表的处理和插入。
2025-05-16 15:44:29,441 - INFO - MainThread - === 数据处理全部完成！脚本执行成功。 ===
2025-05-16 15:57:06,273 - INFO - MainThread - === Boss Zhipin区域数据抓取脚本启动 ===
2025-05-16 15:57:06,274 - WARNING - MainThread - 重要提示: 请确保配置文件中的 COOKIES 和 BASE_HEADERS 是最新的，否则请求很可能会失败。
2025-05-16 15:57:06,274 - WARNING - MainThread - 临时数据文件将尝试从 './zhipin_crawler_output/temp_regionvo_data.json' (RegionVo结构) 加载/保存。
2025-05-16 15:57:06,274 - WARNING - MainThread - 如果临时数据文件超过 6 小时，将强制重新爬取。
2025-05-16 15:57:06,274 - INFO - MainThread - --- 步骤 1: 获取城市列表 ---
2025-05-16 15:57:06,274 - INFO - MainThread - 尝试获取城市列表...
2025-05-16 15:57:06,529 - INFO - MainThread - 共提取 373 个城市信息，已保存到 ./zhipin_crawler_output/city_codes.csv
2025-05-16 15:57:06,531 - INFO - MainThread - 成功获取 373 个城市基础信息。
2025-05-16 15:57:06,531 - INFO - MainThread - --- 步骤 2: 批量获取 373 个城市商圈原始数据 ---
2025-05-16 15:57:08,050 - INFO - DistrictFetcher_0 - 铁门关(101132000) - API响应成功但无商圈数据. Response: {'code': 0, 'message': 'Success', 'zpData': {'businessDistrict': None}}
2025-05-16 15:57:08,108 - INFO - DistrictFetcher_2 - 新星市(101132500) - API响应成功但无商圈数据. Response: {'code': 0, 'message': 'Success', 'zpData': {'businessDistrict': None}}
2025-05-16 15:57:08,114 - INFO - DistrictFetcher_0 - 胡杨河市(101132600) - API响应成功但无商圈数据. Response: {'code': 0, 'message': 'Success', 'zpData': {'businessDistrict': None}}
2025-05-16 15:57:08,141 - INFO - DistrictFetcher_1 - 白杨市(101132700) - API响应成功但无商圈数据. Response: {'code': 0, 'message': 'Success', 'zpData': {'businessDistrict': None}}
2025-05-16 15:57:10,433 - INFO - DistrictFetcher_1 - 东沙群岛(101282200) - API响应成功但无商圈数据. Response: {'code': 0, 'message': 'Success', 'zpData': {'businessDistrict': None}}
2025-05-16 15:57:10,819 - INFO - DistrictFetcher_0 - 三沙(101310300) - API响应成功但无商圈数据. Response: {'code': 0, 'message': 'Success', 'zpData': {'businessDistrict': None}}
2025-05-16 15:57:10,824 - INFO - DistrictFetcher_2 - 儋州(101310400) - API响应成功但无商圈数据. Response: {'code': 0, 'message': 'Success', 'zpData': {'businessDistrict': None}}
2025-05-16 15:57:10,884 - INFO - DistrictFetcher_0 - 东方(101310900) - API响应成功但无商圈数据. Response: {'code': 0, 'message': 'Success', 'zpData': {'businessDistrict': None}}
2025-05-16 15:57:10,897 - INFO - DistrictFetcher_2 - 定安(101311000) - API响应成功但无商圈数据. Response: {'code': 0, 'message': 'Success', 'zpData': {'businessDistrict': None}}
2025-05-16 15:57:10,917 - INFO - DistrictFetcher_0 - 澄迈(101311200) - API响应成功但无商圈数据. Response: {'code': 0, 'message': 'Success', 'zpData': {'businessDistrict': None}}
2025-05-16 15:57:10,949 - INFO - DistrictFetcher_0 - 白沙黎族自治县(101311400) - API响应成功但无商圈数据. Response: {'code': 0, 'message': 'Success', 'zpData': {'businessDistrict': None}}
2025-05-16 15:57:10,954 - INFO - DistrictFetcher_1 - 昌江黎族自治县(101311500) - API响应成功但无商圈数据. Response: {'code': 0, 'message': 'Success', 'zpData': {'businessDistrict': None}}
2025-05-16 15:57:10,980 - INFO - DistrictFetcher_0 - 陵水黎族自治县(101311700) - API响应成功但无商圈数据. Response: {'code': 0, 'message': 'Success', 'zpData': {'businessDistrict': None}}
2025-05-16 15:57:10,990 - INFO - DistrictFetcher_1 - 保亭黎族苗族自治县(101311800) - API响应成功但无商圈数据. Response: {'code': 0, 'message': 'Success', 'zpData': {'businessDistrict': None}}
2025-05-16 15:57:11,041 - INFO - DistrictFetcher_2 - 台湾(101341100) - API响应成功但无商圈数据. Response: {'code': 0, 'message': 'Success', 'zpData': {'businessDistrict': None}}
2025-05-16 16:08:52,231 - INFO - MainThread - --- 步骤 2.5: 将原始数据转换为RegionVo结构列表 ---
2025-05-16 16:08:52,252 - INFO - MainThread - 数据已转换为 373 个顶层RegionVo结构。
2025-05-16 16:08:52,358 - INFO - MainThread - 转换后的RegionVo结构数据已保存到临时文件: ./zhipin_crawler_output/temp_regionvo_data.json
2025-05-16 16:08:52,358 - INFO - MainThread - --- 步骤 3: 保存RegionVo结构数据到永久文件和数据库的json_storage表 ---
2025-05-16 16:08:52,469 - INFO - MainThread - 转换后的RegionVo结构数据已保存到永久文件: ./zhipin_crawler_output/all_cities_regionvo_structure.json
2025-05-16 16:08:52,504 - INFO - MainThread - 数据库中键 'all_cities_regionvo' 的数据未变，无需更新。
2025-05-16 16:08:52,504 - INFO - MainThread - 原始数据统计：成功获取商圈数据城市数: 358。无数据城市数: 15。
2025-05-16 16:08:52,504 - INFO - MainThread - 数据为新爬取并转换 (但与DB中RegionVo结构json_storage内容一致)，仍将处理 region 表以确保同步。
2025-05-16 16:08:52,504 - INFO - MainThread - --- 步骤 4: 处理数据并插入到 region 表 ---
2025-05-16 16:08:52,504 - ERROR - MainThread - 数据保存或插入DB步骤失败: 'BossZhipinCrawler' object has no attribute 'process_and_insert_data_into_region'
Traceback (most recent call last):
  File "D:\CrawlersRegion\CrawlersRegion.py", line 500, in main
    crawler.process_and_insert_data_into_region(all_cities_region_vo_list)
AttributeError: 'BossZhipinCrawler' object has no attribute 'process_and_insert_data_into_region'
2025-05-16 16:08:52,506 - ERROR - MainThread - 请检查日志后重试。上次转换的数据已存临时文件，若有效可用于下次运行。
2025-05-16 16:12:13,141 - INFO - MainThread - === Boss Zhipin区域数据抓取脚本启动 ===
2025-05-16 16:12:13,141 - WARNING - MainThread - 重要提示: 请确保配置文件中的 COOKIES 和 BASE_HEADERS 是最新的，否则请求很可能会失败。
2025-05-16 16:12:13,141 - WARNING - MainThread - 临时数据文件将尝试从 './zhipin_crawler_output/temp_regionvo_data.json' (RegionVo结构) 加载/保存。
2025-05-16 16:12:13,141 - WARNING - MainThread - 如果临时数据文件超过 6 小时，将强制重新爬取。
2025-05-16 16:12:13,142 - INFO - MainThread - 发现有效的临时RegionVo数据文件 (修改于 2025-05-16 16:08:52.358230), 尝试加载...
2025-05-16 16:12:13,164 - INFO - MainThread - 从临时文件 ./zhipin_crawler_output/temp_regionvo_data.json 加载转换后的RegionVo结构数据成功。
2025-05-16 16:12:13,164 - INFO - MainThread - 成功从临时文件加载转换后的RegionVo数据，将跳过爬虫和转换步骤。
2025-05-16 16:12:13,164 - INFO - MainThread - --- 步骤 3: 保存RegionVo结构数据到永久文件和数据库的json_storage表 ---
2025-05-16 16:12:13,274 - INFO - MainThread - 转换后的RegionVo结构数据已保存到永久文件: ./zhipin_crawler_output/all_cities_regionvo_structure.json
2025-05-16 16:12:13,309 - INFO - MainThread - 数据库中键 'all_cities_regionvo' 的数据未变，无需更新。
2025-05-16 16:12:13,309 - INFO - MainThread - 处理 373 条RegionVo数据。
2025-05-16 16:12:13,310 - INFO - MainThread - RegionVo结构数据未发生变化 (从临时文件加载且与DB中json_storage内容一致)，跳过 region 表的处理和插入。
2025-05-16 16:12:13,310 - INFO - MainThread - === 数据处理全部完成！脚本执行成功。 ===
2025-05-16 16:13:27,296 - INFO - MainThread - === Boss Zhipin区域数据抓取脚本启动 ===
2025-05-16 16:13:27,297 - WARNING - MainThread - 重要提示: 请确保配置文件中的 COOKIES 和 BASE_HEADERS 是最新的，否则请求很可能会失败。
2025-05-16 16:13:27,297 - WARNING - MainThread - 临时数据文件将尝试从 './zhipin_crawler_output/temp_regionvo_data.json' (RegionVo结构) 加载/保存。
2025-05-16 16:13:27,297 - WARNING - MainThread - 如果临时数据文件超过 6 小时，将强制重新爬取。
2025-05-16 16:13:27,297 - INFO - MainThread - 发现有效的临时RegionVo数据文件 (修改于 2025-05-16 16:08:52.358230), 尝试加载...
2025-05-16 16:13:27,318 - INFO - MainThread - 从临时文件 ./zhipin_crawler_output/temp_regionvo_data.json 加载转换后的RegionVo结构数据成功。
2025-05-16 16:13:27,318 - INFO - MainThread - 成功从临时文件加载转换后的RegionVo数据，将跳过爬虫和转换步骤。
2025-05-16 16:13:27,319 - INFO - MainThread - --- 步骤 3: 保存RegionVo结构数据到永久文件和数据库的json_storage表 ---
2025-05-16 16:13:27,424 - INFO - MainThread - 转换后的RegionVo结构数据已保存到永久文件: ./zhipin_crawler_output/all_cities_regionvo_structure.json
2025-05-16 16:13:27,454 - INFO - MainThread - 数据库中键 'all_cities_regionvo' 的数据未变，无需更新。
2025-05-16 16:13:27,454 - INFO - MainThread - 处理 373 条RegionVo数据。
2025-05-16 16:13:27,454 - INFO - MainThread - RegionVo结构数据未发生变化 (从临时文件加载且与DB中json_storage内容一致)，跳过 region 表的处理和插入。
2025-05-16 16:13:27,455 - INFO - MainThread - === 数据处理全部完成！脚本执行成功。 ===
2025-05-16 16:14:18,946 - INFO - MainThread - === Boss Zhipin区域数据抓取脚本启动 ===
2025-05-16 16:14:18,947 - WARNING - MainThread - 重要提示: 请确保配置文件中的 COOKIES 和 BASE_HEADERS 是最新的，否则请求很可能会失败。
2025-05-16 16:14:18,947 - WARNING - MainThread - 临时数据文件将尝试从 './zhipin_crawler_output/temp_regionvo_data.json' (RegionVo结构) 加载/保存。
2025-05-16 16:14:18,947 - WARNING - MainThread - 如果临时数据文件超过 6 小时，将强制重新爬取。
2025-05-16 16:14:18,947 - INFO - MainThread - 发现有效的临时RegionVo数据文件 (修改于 2025-05-16 16:08:52.358230), 尝试加载...
2025-05-16 16:14:18,968 - INFO - MainThread - 从临时文件 ./zhipin_crawler_output/temp_regionvo_data.json 加载转换后的RegionVo结构数据成功。
2025-05-16 16:14:18,968 - INFO - MainThread - 成功从临时文件加载转换后的RegionVo数据，将跳过爬虫和转换步骤。
2025-05-16 16:14:18,968 - INFO - MainThread - --- 步骤 3: 保存RegionVo结构数据到永久文件和数据库的json_storage表 ---
2025-05-16 16:14:19,074 - INFO - MainThread - 转换后的RegionVo结构数据已保存到永久文件: ./zhipin_crawler_output/all_cities_regionvo_structure.json
2025-05-16 16:14:19,105 - INFO - MainThread - 数据库中未找到 键 'all_cities_regionvo' 的记录，将插入。 New Hash: 6c80b2e350defdc661b003360ee899d70e4d2e3d3730805204b0664dbd029aa7
2025-05-16 16:14:19,107 - INFO - MainThread - 用于生成新哈希的RegionVo结构JSON已保存到 ./zhipin_crawler_output/debug_json_for_hash_all_cities_regionvo.json
2025-05-16 16:14:19,233 - INFO - MainThread - 键 'all_cities_regionvo' 的JSON数据已成功保存/更新到数据库。
2025-05-16 16:14:19,234 - INFO - MainThread - 处理 373 条RegionVo数据。
2025-05-16 16:14:19,234 - INFO - MainThread - 检测到RegionVo结构数据在数据库中已更新或为首次存储，将处理 region 表。
2025-05-16 16:14:19,234 - INFO - MainThread - --- 步骤 4: 处理数据并插入到 region 表 ---
2025-05-16 16:14:19,234 - ERROR - MainThread - 数据保存或插入DB步骤失败: recurse_flatten() got an unexpected keyword argument 'parent_code'
Traceback (most recent call last):
  File "D:\CrawlersRegion\CrawlersRegion.py", line 500, in main
    crawler.process_and_insert_data_into_region(all_cities_region_vo_list)
  File "D:\CrawlersRegion\CrawlersRegion.py", line 357, in process_and_insert_data_into_region
    all_level1_inserts, all_level2_inserts, all_level3_inserts = self._flatten_region_vo_for_db_insert(
  File "D:\CrawlersRegion\CrawlersRegion.py", line 352, in _flatten_region_vo_for_db_insert
    recurse_flatten(region_vo_node_list, parent_code=None, current_level=1)
TypeError: recurse_flatten() got an unexpected keyword argument 'parent_code'
2025-05-16 16:14:19,235 - ERROR - MainThread - 请检查日志后重试。上次转换的数据已存临时文件，若有效可用于下次运行。
2025-05-16 16:16:38,387 - INFO - MainThread - === Boss Zhipin区域数据抓取脚本启动 ===
2025-05-16 16:16:38,387 - WARNING - MainThread - 重要提示: 请确保配置文件中的 COOKIES 和 BASE_HEADERS 是最新的，否则请求很可能会失败。
2025-05-16 16:16:38,387 - WARNING - MainThread - 临时数据文件将尝试从 './zhipin_crawler_output/temp_regionvo_data.json' (RegionVo结构) 加载/保存。
2025-05-16 16:16:38,387 - WARNING - MainThread - 如果临时数据文件超过 6 小时，将强制重新爬取。
2025-05-16 16:16:38,388 - INFO - MainThread - 发现有效的临时RegionVo数据文件 (修改于 2025-05-16 16:08:52.358230), 尝试加载...
2025-05-16 16:16:38,410 - INFO - MainThread - 从临时文件 ./zhipin_crawler_output/temp_regionvo_data.json 加载转换后的RegionVo结构数据成功。
2025-05-16 16:16:38,410 - INFO - MainThread - 成功从临时文件加载转换后的RegionVo数据，将跳过爬虫和转换步骤。
2025-05-16 16:16:38,410 - INFO - MainThread - --- 步骤 3: 保存RegionVo结构数据到永久文件和数据库的json_storage表 ---
2025-05-16 16:16:38,525 - INFO - MainThread - 转换后的RegionVo结构数据已保存到永久文件: ./zhipin_crawler_output/all_cities_regionvo_structure.json
2025-05-16 16:16:38,557 - INFO - MainThread - 数据库中键 'all_cities_regionvo' 的数据未变，无需更新。
2025-05-16 16:16:38,557 - INFO - MainThread - 处理 373 条RegionVo数据。
2025-05-16 16:16:38,557 - INFO - MainThread - RegionVo结构数据未发生变化 (从临时文件加载且与DB中json_storage内容一致)，跳过 region 表的处理和插入。
2025-05-16 16:16:38,557 - INFO - MainThread - === 数据处理全部完成！脚本执行成功。 ===
2025-05-16 16:17:14,841 - INFO - MainThread - === Boss Zhipin区域数据抓取脚本启动 ===
2025-05-16 16:17:14,841 - WARNING - MainThread - 重要提示: 请确保配置文件中的 COOKIES 和 BASE_HEADERS 是最新的，否则请求很可能会失败。
2025-05-16 16:17:14,841 - WARNING - MainThread - 临时数据文件将尝试从 './zhipin_crawler_output/temp_regionvo_data.json' (RegionVo结构) 加载/保存。
2025-05-16 16:17:14,841 - WARNING - MainThread - 如果临时数据文件超过 6 小时，将强制重新爬取。
2025-05-16 16:17:14,841 - INFO - MainThread - 发现有效的临时RegionVo数据文件 (修改于 2025-05-16 16:08:52.358230), 尝试加载...
2025-05-16 16:17:14,862 - INFO - MainThread - 从临时文件 ./zhipin_crawler_output/temp_regionvo_data.json 加载转换后的RegionVo结构数据成功。
2025-05-16 16:17:14,862 - INFO - MainThread - 成功从临时文件加载转换后的RegionVo数据，将跳过爬虫和转换步骤。
2025-05-16 16:17:14,862 - INFO - MainThread - --- 步骤 3: 保存RegionVo结构数据到永久文件和数据库的json_storage表 ---
2025-05-16 16:17:14,970 - INFO - MainThread - 转换后的RegionVo结构数据已保存到永久文件: ./zhipin_crawler_output/all_cities_regionvo_structure.json
2025-05-16 16:17:14,999 - INFO - MainThread - 数据库中未找到 键 'all_cities_regionvo' 的记录，将插入。 New Hash: 6c80b2e350defdc661b003360ee899d70e4d2e3d3730805204b0664dbd029aa7
2025-05-16 16:17:15,001 - INFO - MainThread - 用于生成新哈希的RegionVo结构JSON已保存到 ./zhipin_crawler_output/debug_json_for_hash_all_cities_regionvo.json
2025-05-16 16:17:15,113 - INFO - MainThread - 键 'all_cities_regionvo' 的JSON数据已成功保存/更新到数据库。
2025-05-16 16:17:15,114 - INFO - MainThread - 处理 373 条RegionVo数据。
2025-05-16 16:17:15,114 - INFO - MainThread - 检测到RegionVo结构数据在数据库中已更新或为首次存储，将处理 region 表。
2025-05-16 16:17:15,114 - INFO - MainThread - --- 步骤 4: 处理数据并插入到 region 表 ---
2025-05-16 16:17:15,141 - INFO - MainThread - 准备清空并重新插入数据到 region 表 (基于RegionVo结构)...
2025-05-16 16:17:15,198 - INFO - MainThread - region 表已清空。
2025-05-16 16:17:15,217 - INFO - MainThread - 已插入 373 条市级数据 (level 1)。
2025-05-16 16:17:15,296 - INFO - MainThread - 已插入 2898 条区级数据 (level 2)。
2025-05-16 16:17:15,524 - INFO - MainThread - 已插入 9021 条街道/商圈级数据 (level 3)。
2025-05-16 16:17:15,527 - INFO - MainThread - 所有数据已成功插入到 region 表。共插入 12292 条记录。
2025-05-16 16:17:15,527 - INFO - MainThread - === 数据处理全部完成！脚本执行成功。 ===
2025-05-16 16:18:43,127 - INFO - MainThread - === Boss Zhipin区域数据抓取脚本启动 ===
2025-05-16 16:18:43,127 - WARNING - MainThread - 重要提示: 请确保配置文件中的 COOKIES 和 BASE_HEADERS 是最新的，否则请求很可能会失败。
2025-05-16 16:18:43,127 - WARNING - MainThread - 临时数据文件将尝试从 './zhipin_crawler_output/temp_regionvo_data.json' (RegionVo结构) 加载/保存。
2025-05-16 16:18:43,127 - WARNING - MainThread - 如果临时数据文件超过 6 小时，将强制重新爬取。
2025-05-16 16:18:43,128 - INFO - MainThread - 发现有效的临时RegionVo数据文件 (修改于 2025-05-16 16:08:52.358230), 尝试加载...
2025-05-16 16:18:43,151 - INFO - MainThread - 从临时文件 ./zhipin_crawler_output/temp_regionvo_data.json 加载转换后的RegionVo结构数据成功。
2025-05-16 16:18:43,151 - INFO - MainThread - 成功从临时文件加载转换后的RegionVo数据，将跳过爬虫和转换步骤。
2025-05-16 16:18:43,151 - INFO - MainThread - --- 步骤 3: 保存RegionVo结构数据到永久文件和数据库的json_storage表 ---
2025-05-16 16:18:43,289 - INFO - MainThread - 转换后的RegionVo结构数据已保存到永久文件: ./zhipin_crawler_output/all_cities_regionvo_structure.json
2025-05-16 16:18:44,148 - INFO - MainThread - 数据库中未找到 键 'all_cities_regionvo' 的记录，将插入。 New Hash: 6c80b2e350defdc661b003360ee899d70e4d2e3d3730805204b0664dbd029aa7
2025-05-16 16:18:44,151 - INFO - MainThread - 用于生成新哈希的RegionVo结构JSON已保存到 ./zhipin_crawler_output/debug_json_for_hash_all_cities_regionvo.json
2025-05-16 16:19:08,589 - INFO - MainThread - 键 'all_cities_regionvo' 的JSON数据已成功保存/更新到数据库。
2025-05-16 16:19:08,590 - INFO - MainThread - 处理 373 条RegionVo数据。
2025-05-16 16:19:08,590 - INFO - MainThread - 检测到RegionVo结构数据在数据库中已更新或为首次存储，将处理 region 表。
2025-05-16 16:19:08,590 - INFO - MainThread - --- 步骤 4: 处理数据并插入到 region 表 ---
2025-05-16 16:19:09,270 - INFO - MainThread - 准备清空并重新插入数据到 region 表 (基于RegionVo结构)...
2025-05-16 16:19:09,698 - INFO - MainThread - region 表已清空。
2025-05-16 16:19:10,282 - INFO - MainThread - 已插入 373 条市级数据 (level 1)。
2025-05-16 16:19:14,580 - INFO - MainThread - 已插入 2898 条区级数据 (level 2)。
2025-05-16 16:19:21,800 - INFO - MainThread - 已插入 9021 条街道/商圈级数据 (level 3)。
2025-05-16 16:19:21,948 - INFO - MainThread - 所有数据已成功插入到 region 表。共插入 12292 条记录。
2025-05-16 16:19:21,950 - INFO - MainThread - === 数据处理全部完成！脚本执行成功。 ===
2025-05-16 17:44:57,607 - INFO - MainThread - === Boss Zhipin区域数据抓取脚本启动 ===
2025-05-16 17:44:57,608 - WARNING - MainThread - 重要提示: 请确保配置文件中的 COOKIES 和 BASE_HEADERS 是最新的，否则请求很可能会失败。
2025-05-16 17:44:57,608 - WARNING - MainThread - 临时数据文件将尝试从 './zhipin_crawler_output/temp_regionvo_data.json' (RegionVo结构) 加载/保存。
2025-05-16 17:44:57,608 - WARNING - MainThread - 如果临时数据文件超过 6 小时，将强制重新爬取。
2025-05-16 17:44:57,609 - INFO - MainThread - 发现有效的临时RegionVo数据文件 (修改于 2025-05-16 16:08:52.358230), 尝试加载...
2025-05-16 17:44:57,639 - INFO - MainThread - 从临时文件 ./zhipin_crawler_output/temp_regionvo_data.json 加载转换后的RegionVo结构数据成功。
2025-05-16 17:44:57,639 - INFO - MainThread - 成功从临时文件加载转换后的RegionVo数据，将跳过爬虫和转换步骤。
2025-05-16 17:44:57,639 - INFO - MainThread - --- 步骤 3: 保存RegionVo结构数据到永久文件和数据库的json_storage表 ---
2025-05-16 17:44:57,745 - INFO - MainThread - 转换后的RegionVo结构数据已保存到永久文件: ./zhipin_crawler_output/all_cities_regionvo_structure.json
2025-05-16 17:44:58,609 - INFO - MainThread - 数据库中键 'all_cities_regionvo' 的数据未变，无需更新。
2025-05-16 17:44:58,610 - INFO - MainThread - 处理 373 条RegionVo数据。
2025-05-16 17:44:58,610 - INFO - MainThread - RegionVo结构数据未发生变化 (从临时文件加载且与DB中json_storage内容一致)，跳过 region 表的处理和插入。
2025-05-16 17:44:58,610 - INFO - MainThread - === 数据处理全部完成！脚本执行成功。 ===
